  Api.cpp
  ApiState.cpp
  NetworkState.cpp
  App.cpp
  Console.cpp
  Cpu_stub.cpp
  ConsoleLog.cpp
  FileLog.cpp
  Log.cpp
  Client.cpp
d:\5\xmrig-nvidia-2.6.1\src\net\client.cpp(653): warning C4267: '=': conversion from 'size_t' to 'ULONG', possible loss of data
  Job.cpp
  Network.cpp
  DonateStrategy.cpp
d:\5\xmrig-nvidia-2.6.1\src\net\strategies\donatestrategy.cpp(69): warning C4244: 'argument': conversion from 'float' to 'uint64_t', possible loss of data
  FailoverStrategy.cpp
  SinglePoolStrategy.cpp
  SubmitResult.cpp
  Url.cpp
  CudaCLI.cpp
  Options.cpp
  Platform.cpp
  Generating Code...
  Compiling...
  Summary.cpp
d:\5\xmrig-nvidia-2.6.1\src\summary.cpp(53): warning C4129: ' ': unrecognized character escape sequence
d:\5\xmrig-nvidia-2.6.1\src\summary.cpp(54): warning C4129: ' ': unrecognized character escape sequence
d:\5\xmrig-nvidia-2.6.1\src\summary.cpp(55): warning C4129: ' ': unrecognized character escape sequence
d:\5\xmrig-nvidia-2.6.1\src\summary.cpp(56): warning C4129: ' ': unrecognized character escape sequence
d:\5\xmrig-nvidia-2.6.1\src\summary.cpp(57): warning C4129: ' ': unrecognized character escape sequence
d:\5\xmrig-nvidia-2.6.1\src\summary.cpp(58): warning C4129: ' ': unrecognized character escape sequence
d:\5\xmrig-nvidia-2.6.1\src\summary.cpp(59): warning C4129: ' ': unrecognized character escape sequence
d:\5\xmrig-nvidia-2.6.1\src\summary.cpp(60): warning C4129: ' ': unrecognized character escape sequence
d:\5\xmrig-nvidia-2.6.1\src\summary.cpp(61): warning C4129: ' ': unrecognized character escape sequence
  CudaWorker.cpp
  GpuThread.cpp
d:\5\xmrig-nvidia-2.6.1\src\workers\gputhread.cpp(127): warning C4244: '=': conversion from 'double' to 'int', possible loss of data
  Handle.cpp
  Hashrate.cpp
  Workers.cpp
  xmrig.cpp
  App_win.cpp
  Cpu_win.cpp
  Platform_win.cpp
  NvmlApi.cpp
  CryptoNight.cpp
  Httpd.cpp
  Generating Code...
  c_keccak.c
  c_groestl.c
  c_blake256.c
  c_jh.c
  c_skein.c
  Generating Code...
  libuv.lib(thread.obj) : MSIL .netmodule or module compiled with /GL found; restarting link with /LTCG; add /LTCG to the link command line to improve linker performance
     Creating library D:/5/xmrig-nvidia-2.6.1/Release/xmrig-nvidia.lib and object D:/5/xmrig-nvidia-2.6.1/Release/xmrig-nvidia.exp
  Generating code
  Finished generating code
  xmrig-nvidia.vcxproj -> D:\5\xmrig-nvidia-2.6.1\Release\xmrig-nvidia.exe
