d:\5\xmrig-nvidia-2.6.1\xmrig-nvidia.dir\release\platform.obj
d:\5\xmrig-nvidia-2.6.1\xmrig-nvidia.dir\release\options.obj
d:\5\xmrig-nvidia-2.6.1\xmrig-nvidia.dir\release\cudacli.obj
d:\5\xmrig-nvidia-2.6.1\xmrig-nvidia.dir\release\url.obj
d:\5\xmrig-nvidia-2.6.1\xmrig-nvidia.dir\release\submitresult.obj
d:\5\xmrig-nvidia-2.6.1\xmrig-nvidia.dir\release\singlepoolstrategy.obj
d:\5\xmrig-nvidia-2.6.1\xmrig-nvidia.dir\release\failoverstrategy.obj
d:\5\xmrig-nvidia-2.6.1\xmrig-nvidia.dir\release\donatestrategy.obj
d:\5\xmrig-nvidia-2.6.1\xmrig-nvidia.dir\release\network.obj
d:\5\xmrig-nvidia-2.6.1\xmrig-nvidia.dir\release\job.obj
d:\5\xmrig-nvidia-2.6.1\xmrig-nvidia.dir\release\client.obj
d:\5\xmrig-nvidia-2.6.1\xmrig-nvidia.dir\release\log.obj
d:\5\xmrig-nvidia-2.6.1\xmrig-nvidia.dir\release\filelog.obj
d:\5\xmrig-nvidia-2.6.1\xmrig-nvidia.dir\release\consolelog.obj
d:\5\xmrig-nvidia-2.6.1\xmrig-nvidia.dir\release\cpu_stub.obj
d:\5\xmrig-nvidia-2.6.1\xmrig-nvidia.dir\release\console.obj
d:\5\xmrig-nvidia-2.6.1\xmrig-nvidia.dir\release\app.obj
d:\5\xmrig-nvidia-2.6.1\xmrig-nvidia.dir\release\networkstate.obj
d:\5\xmrig-nvidia-2.6.1\xmrig-nvidia.dir\release\apistate.obj
d:\5\xmrig-nvidia-2.6.1\xmrig-nvidia.dir\release\api.obj
d:\5\xmrig-nvidia-2.6.1\xmrig-nvidia.dir\release\httpd.obj
d:\5\xmrig-nvidia-2.6.1\xmrig-nvidia.dir\release\cryptonight.obj
d:\5\xmrig-nvidia-2.6.1\xmrig-nvidia.dir\release\nvmlapi.obj
d:\5\xmrig-nvidia-2.6.1\xmrig-nvidia.dir\release\platform_win.obj
d:\5\xmrig-nvidia-2.6.1\xmrig-nvidia.dir\release\cpu_win.obj
d:\5\xmrig-nvidia-2.6.1\xmrig-nvidia.dir\release\app_win.obj
d:\5\xmrig-nvidia-2.6.1\xmrig-nvidia.dir\release\xmrig.obj
d:\5\xmrig-nvidia-2.6.1\xmrig-nvidia.dir\release\workers.obj
d:\5\xmrig-nvidia-2.6.1\xmrig-nvidia.dir\release\hashrate.obj
d:\5\xmrig-nvidia-2.6.1\xmrig-nvidia.dir\release\handle.obj
d:\5\xmrig-nvidia-2.6.1\xmrig-nvidia.dir\release\gputhread.obj
d:\5\xmrig-nvidia-2.6.1\xmrig-nvidia.dir\release\cudaworker.obj
d:\5\xmrig-nvidia-2.6.1\xmrig-nvidia.dir\release\summary.obj
d:\5\xmrig-nvidia-2.6.1\xmrig-nvidia.dir\release\c_skein.obj
d:\5\xmrig-nvidia-2.6.1\xmrig-nvidia.dir\release\c_jh.obj
d:\5\xmrig-nvidia-2.6.1\xmrig-nvidia.dir\release\c_blake256.obj
d:\5\xmrig-nvidia-2.6.1\xmrig-nvidia.dir\release\c_groestl.obj
d:\5\xmrig-nvidia-2.6.1\xmrig-nvidia.dir\release\c_keccak.obj
d:\5\xmrig-nvidia-2.6.1\release\xmrig-nvidia.exe
d:\5\xmrig-nvidia-2.6.1\xmrig-nvidia.dir\release\app.res
d:\5\xmrig-nvidia-2.6.1\release\xmrig-nvidia.lib
d:\5\xmrig-nvidia-2.6.1\release\xmrig-nvidia.exp
d:\5\xmrig-nvidia-2.6.1\xmrig-nvidia.dir\release\xmrig-nvidia.tlog\cl.command.1.tlog
d:\5\xmrig-nvidia-2.6.1\xmrig-nvidia.dir\release\xmrig-nvidia.tlog\cl.read.1.tlog
d:\5\xmrig-nvidia-2.6.1\xmrig-nvidia.dir\release\xmrig-nvidia.tlog\cl.write.1.tlog
d:\5\xmrig-nvidia-2.6.1\xmrig-nvidia.dir\release\xmrig-nvidia.tlog\link.command.1.tlog
d:\5\xmrig-nvidia-2.6.1\xmrig-nvidia.dir\release\xmrig-nvidia.tlog\link.read.1.tlog
d:\5\xmrig-nvidia-2.6.1\xmrig-nvidia.dir\release\xmrig-nvidia.tlog\link.write.1.tlog
d:\5\xmrig-nvidia-2.6.1\xmrig-nvidia.dir\release\xmrig-nvidia.tlog\rc.command.1.tlog
d:\5\xmrig-nvidia-2.6.1\xmrig-nvidia.dir\release\xmrig-nvidia.tlog\rc.read.1.tlog
d:\5\xmrig-nvidia-2.6.1\xmrig-nvidia.dir\release\xmrig-nvidia.tlog\rc.write.1.tlog
d:\5\xmrig-nvidia-2.6.1\xmrig-nvidia.dir\release\xmrig-nvidia.tlog\xmrig-nvidia.write.1u.tlog
